ncsim 15.20-s039
Linux 2.6.32-754.el6.x86_64 #1 SMP Tue Jun 19 21:26:04 UTC 2018 x86_64
CPU cores: 40
Limit information:
======================================
cputime			unlimited
filesize		unlimited
datasize		unlimited
stacksize		10240 kbytes
coredumpsize	0 kbytes
memoryuse		unlimited
vmemoryuse		unlimited
descriptors		4096
memorylocked	64 kbytes
maxproc			1024
======================================
(Special)Runtime environment variables:

Runtime environment variables:
LC_CTYPE=UTF-8
USER=b05069
LOGNAME=b05069
HOME=/home/raid7_2/userb05/b05069
PATH=/usr/cad/innovus/cur/tools/celtic/bin:/usr/cad/innovus/cur/tools/plato/bin:/usr/cad/innovus/cur/tools/dfII/bin:/usr/cad/innovus/cur/tools/bin:/usr/cad/innovus/cur//tools/tlfUtil/bin:/usr/bin/X11:/usr/cad/synopsys/coreConsultant/cur/bin:/usr/cad/synopsys/synthesis/cur/amd64/syn/bin:/usr/cad/synopsys/lc/cur/bin:/usr/spring_soft/verdi/cur/bin:/usr/spring_soft/verdi/cur/nLint/bin:/usr/cad/cadence/EDI/cur/tools/celtic/bin:/usr/cad/cadence/EDI/cur/tools/plato/bin:/usr/cad/cadence/EDI/cur/tools/dfII/bin:/usr/cad/cadence/EDI/cur/tools/fe/bin:/usr/cad/cadence/EDI/cur/tools/cdsdoc/bin:/usr/cad/cadence/EDI/cur/tools/bin:/usr/cad/cadence/EDI/cur//tools/tlfUtil/bin:/usr/cad/cadence/RC/cur/tools/bin:/usr/cad/cadence/MMSIM/cur/tools/dfII/bin:/usr/cad/cadence/MMSIM/cur/tools/bin:/usr/cad/cadence/NEOCIRCUIT/cur/tools/NeoCircuit/bin:bin.linux:/usr/cad/cadence/SPB/cur/tools/specctra/bin:/usr/cad/cadence/SPB/cur/tools/pcb/bin:/usr/cad/cadence/SPB/cur/tools/dfII/bin:/usr/cad/cadence/SPB/cur/tools/bin:/usr/cad/cadence/INCISIV/cur/tools/bin:/usr/cad/cadence/INCISIV/cur/tools/vtools/vfault/bin:/usr/cad/cadence/INCISIV/cur/tools/dfII/bin:/usr/cad/cadence/IC/cur/tools/dfII/bin:/usr/cad/cadence/IC/cur/tools/dracula/bin:/usr/cad/cadence/IC/cur/tools/bin:/usr/cad/cadence/EXT/cur/tools/bin:/usr/cad/cadence/ETS/cur/tools/bin:/usr/cad/cadence/CONFRML/cur/./bin:/usr/cad/cadence/CONFRML/cur/tools/bin:/usr/cad/cadence/CCD/cur/tools/bin:/usr/cad/cadence/ASSURA/cur/tools/assura/bin:/usr/cad/cadence/ASSURA/cur/tools/dsm/bin:/usr/cad/cadence/ASSURA/cur/tools/bin:/usr/cad/cadence/ASSURA/cur/tools/dfII/bin:/usr/cad/cadence/INCISIV/cur/tools/bin:/usr/cad/cadence/INCISIV/cur/tools/vtools/vfault/bin:/usr/cad/cadence/INCISIV/cur/tools/dfII/bin:/usr/lib64/qt-3.3/bin:/usr/local/bin:/bin:/usr/bin:/home/raid7_4/raid1_1/linux/novas/verdi/cur/bin
MAIL=/var/spool/mail/b05069
SHELL=/bin/tcsh
SSH_CLIENT=140.112.249.18 62659 22
SSH_CONNECTION=140.112.249.18 62659 140.112.20.72 22
SSH_TTY=/dev/pts/17
TERM=xterm-256color
DISPLAY=localhost:16.0
SELINUX_ROLE_REQUESTED=
SELINUX_LEVEL_REQUESTED=
SELINUX_USE_CURRENT_RANGE=
HOSTTYPE=x86_64-linux
VENDOR=unknown
OSTYPE=linux
MACHTYPE=x86_64
SHLVL=1
PWD=/home/raid7_2/userb05/b05069/ICD2019/project/project
GROUP=user
HOST=cad29
REMOTEHOST=leonjn.m7.ntu.edu.tw
HOSTNAME=cad29
LS_COLORS=rs=0:di=38;5;27:ln=38;5;51:mh=44;38;5;15:pi=40;38;5;11:so=38;5;13:do=38;5;5:bd=48;5;232;38;5;11:cd=48;5;232;38;5;3:or=48;5;232;38;5;9:mi=05;48;5;232;38;5;15:su=48;5;196;38;5;15:sg=48;5;11;38;5;16:ca=48;5;196;38;5;226:tw=48;5;10;38;5;16:ow=48;5;10;38;5;21:st=48;5;21;38;5;15:ex=38;5;34:*.tar=38;5;9:*.tgz=38;5;9:*.arj=38;5;9:*.taz=38;5;9:*.lzh=38;5;9:*.lzma=38;5;9:*.tlz=38;5;9:*.txz=38;5;9:*.zip=38;5;9:*.z=38;5;9:*.Z=38;5;9:*.dz=38;5;9:*.gz=38;5;9:*.lz=38;5;9:*.xz=38;5;9:*.bz2=38;5;9:*.tbz=38;5;9:*.tbz2=38;5;9:*.bz=38;5;9:*.tz=38;5;9:*.deb=38;5;9:*.rpm=38;5;9:*.jar=38;5;9:*.rar=38;5;9:*.ace=38;5;9:*.zoo=38;5;9:*.cpio=38;5;9:*.7z=38;5;9:*.rz=38;5;9:*.jpg=38;5;13:*.jpeg=38;5;13:*.gif=38;5;13:*.bmp=38;5;13:*.pbm=38;5;13:*.pgm=38;5;13:*.ppm=38;5;13:*.tga=38;5;13:*.xbm=38;5;13:*.xpm=38;5;13:*.tif=38;5;13:*.tiff=38;5;13:*.png=38;5;13:*.svg=38;5;13:*.svgz=38;5;13:*.mng=38;5;13:*.pcx=38;5;13:*.mov=38;5;13:*.mpg=38;5;13:*.mpeg=38;5;13:*.m2v=38;5;13:*.mkv=38;5;13:*.ogm=38;5;13:*.mp4=38;5;13:*.m4v=38;5;13:*.mp4v=38;5;13:*.vob=38;5;13:*.qt=38;5;13:*.nuv=38;5;13:*.wmv=38;5;13:*.asf=38;5;13:*.rm=38;5;13:*.rmvb=38;5;13:*.flc=38;5;13:*.avi=38;5;13:*.fli=38;5;13:*.flv=38;5;13:*.gl=38;5;13:*.dl=38;5;13:*.xcf=38;5;13:*.xwd=38;5;13:*.yuv=38;5;13:*.cgm=38;5;13:*.emf=38;5;13:*.axv=38;5;13:*.anx=38;5;13:*.ogv=38;5;13:*.ogx=38;5;13:*.aac=38;5;45:*.au=38;5;45:*.flac=38;5;45:*.mid=38;5;45:*.midi=38;5;45:*.mka=38;5;45:*.mp3=38;5;45:*.mpc=38;5;45:*.ogg=38;5;45:*.ra=38;5;45:*.wav=38;5;45:*.axa=38;5;45:*.oga=38;5;45:*.spx=38;5;45:*.xspf=38;5;45:
CVS_RSH=ssh
G_BROKEN_FILENAMES=1
SSH_ASKPASS=/usr/libexec/openssh/gnome-ssh-askpass
KDEDIRS=/usr
KDE_IS_PRELINKED=1
LANG=en_US.UTF-8
LESSOPEN=||/usr/bin/lesspipe.sh %s
QTDIR=/usr/lib64/qt-3.3
QTINC=/usr/lib64/qt-3.3/include
QTLIB=/usr/lib64/qt-3.3/lib
LD_LIBRARY_PATH=:/usr/cad/innovus/cur//tools/tlfUtil/lib:/usr/spring_soft/verdi/cur/share/PLI/nc_xl/LINUX/xl_shared:/usr/spring_soft/verdi/cur/share/PLI/nc_xl/LINUX/nc_shared:/home/raid7_4/raid1_1/linux/novas/verdi/cur/share/PLI/IUS/LINUX/
LM_LICENSE_FILE=5280@lscic:5280@lsncku:5280@lsnchu:26585@lscic:26585@lsntu:5280@lsntu:
ASSURAHOME=/usr/cad/cadence/ASSURA/cur
VERPLEX_HOME=/usr/cad/cadence/CONFRML/cur
OAHOME=/usr/cad/cadence/EDI/cur/oa
OA_HOME=/usr/cad/innovus/cur/oa
CDS_Netlisting_Mode=Analog
NEOCKTHOME=/usr/cad/cadence/NEOCIRCUIT/cur/tools/NeoCircuit
ENCOUNTER=/usr/cad/innovus/cur/tools/fe
SHLIB_PATH=/usr/spring_soft/verdi/cur/share/PLI/nc_xl/LINUX/xl_shared:/usr/spring_soft/verdi/cur/share/PLI/nc_xl/LINUX/nc_shared
SYNTHESIS=/usr/cad/synopsys/synthesis/cur
SYN_MAN_DIR=/usr/cad/synopsys/synthesis/cur/doc/syn/man
MANPATH=/usr/cad/synopsys/synthesis/cur/doc/syn/man
_IRUNROOT_=/usr/cad/cadence/INCISIV/cur/tools
CDS_ARCH=lnx86
NCRUNMODE=ncverilog:./INCA_libs/irun.lnx86.15.20.nc
IRUNBATCH=FALSE
IMPERAS_PORT_FILE=.vsp_ovp_gdb_port
TCL_LIBRARY=/usr/cad/cadence/INCISIV/cur/tools/inca/files/tcl/library
Runtime command line arguments:
argv[0]=ncverilog
argv[1]=testfixture.v
argv[2]=CONV.v
78 profile - 100
          CPU/Mem usage: 0.040 sys,  0.020 user,  60.64M sys,  0.00M vm
79 VC callback profile - scalar:0 vector:0
80 Sun Jun 23 22:40:53 2019
81 pliAppInit
82 FSDB_GATE is disabled.
83 Enable Parallel Dumping.
84 pliAppMiscSet: New Sim Round
85 pliEntryInit
86 LIBSSCORE=found /home/raid7_4/raid1_1/linux/novas/verdi/cur/share/PLI/IUS/LINUX/libsscore_ius152.so through $LD_LIBRARY_PATH setting.
87 argv[0]: CONV.fsdb
88 FSDB Dumper for IUS, Release Verdi_N-2017.12, Linux, 11/12/2017
89 (C) 1996 - 2017 by Synopsys, Inc.
90 sps_call_fsdbDumpfile at 0 : /home/raid7_2/userb05/b05069/ICD2019/project/project/testfixture.v(78)
91 argv[0]: CONV.fsdb
92 *Verdi* FSDB WARNING: The FSDB file already exists. Overwriting the FSDB file may crash the programs that are using this file.
93 *Verdi* : Create FSDB file 'CONV.fsdb'
94 sps_call_fsdbDumpvars at 0 : /home/raid7_2/userb05/b05069/ICD2019/project/project/testfixture.v(79)
95 *Verdi* : Begin traversing the scopes, layer (0).
96 *Verdi* WARNING: [NoReadAccess][FilterOut]Name:testfixture.L0_MEM0(116)
97 *Verdi* WARNING: [NoReadAccess][FilterOut]Name:testfixture.L0_MEM1(116)
98 *Verdi* WARNING: [NoReadAccess][FilterOut]Name:testfixture.L1_MEM0(116)
99 *Verdi* WARNING: [NoReadAccess][FilterOut]Name:testfixture.L1_MEM1(116)
100 *Verdi* WARNING: [NoReadAccess][FilterOut]Name:testfixture.L2_MEM(116)
101 *Verdi* WARNING: [NoReadAccess][FilterOut]Name:testfixture.reset(48)
102 *Verdi* WARNING: [NoReadAccess][FilterOut]Name:testfixture.clk(48)
103 *Verdi* WARNING: [NoReadAccess][FilterOut]Name:testfixture.ready(48)
104 *Verdi* WARNING: [NoReadAccess][FilterOut]Name:testfixture.cdata_rd(48)
105 *Verdi* WARNING: [NoReadAccess][FilterOut]Name:testfixture.idata(48)
106 *Verdi* WARNING: [NoReadAccess][FilterOut]Name:testfixture.p0(25)
107 *Verdi* WARNING: [NoReadAccess][FilterOut]Name:testfixture.p1(25)
108 *Verdi* WARNING: [NoReadAccess][FilterOut]Name:testfixture.p3(25)
109 *Verdi* WARNING: [NoReadAccess][FilterOut]Name:testfixture.p4(25)
110 *Verdi* WARNING: [NoReadAccess][FilterOut]Name:testfixture.p2(25)
111 *Verdi* WARNING: [NoReadAccess][FilterOut]Name:testfixture.err00(25)
112 *Verdi* WARNING: [NoReadAccess][FilterOut]Name:testfixture.err01(25)
113 *Verdi* WARNING: [NoReadAccess][FilterOut]Name:testfixture.err10(25)
114 *Verdi* WARNING: [NoReadAccess][FilterOut]Name:testfixture.err11(25)
115 *Verdi* WARNING: [NoReadAccess][FilterOut]Name:testfixture.err2(25)
116 *Verdi* WARNING: [NoReadAccess][FilterOut]Name:testfixture.pat_num(25)
117 *Verdi* WARNING: [NoReadAccess][FilterOut]Name:testfixture.check0(48)
118 *Verdi* WARNING: [NoReadAccess][FilterOut]Name:testfixture.check1(48)
119 *Verdi* WARNING: [NoReadAccess][FilterOut]Name:testfixture.check2(48)
120 *Verdi* WARNING: [NoReadAccess][FilterOut]Name:testfixture.cwr(36)
121 *Verdi* WARNING: [NoReadAccess][FilterOut]Name:testfixture.crd(36)
122 *Verdi* WARNING: [NoReadAccess][FilterOut]Name:testfixture.cdata_wr(36)
123 *Verdi* WARNING: [NoReadAccess][FilterOut]Name:testfixture.csel(36)
124 *Verdi* WARNING: [NoReadAccess][FilterOut]Name:testfixture.caddr_rd(36)
125 *Verdi* WARNING: [NoReadAccess][FilterOut]Name:testfixture.caddr_wr(36)
126 *Verdi* WARNING: [NoReadAccess][FilterOut]Name:testfixture.iaddr(36)
127 *Verdi* WARNING: [NoReadAccess][FilterOut]Name:testfixture.busy(36)
128 *Verdi* WARNING: [NoReadAccess][FilterOut]Name:testfixture.u_CONV.busy(48)
129 *Verdi* WARNING: [NoReadAccess][FilterOut]Name:testfixture.u_CONV.iaddr(48)
130 *Verdi* WARNING: [NoReadAccess][FilterOut]Name:testfixture.u_CONV.cwr(48)
131 *Verdi* WARNING: [NoReadAccess][FilterOut]Name:testfixture.u_CONV.caddr_wr(48)
132 *Verdi* WARNING: [NoReadAccess][FilterOut]Name:testfixture.u_CONV.cdata_wr(48)
133 *Verdi* WARNING: [NoReadAccess][FilterOut]Name:testfixture.u_CONV.crd(48)
134 *Verdi* WARNING: [NoReadAccess][FilterOut]Name:testfixture.u_CONV.caddr_rd(48)
135 *Verdi* WARNING: [NoReadAccess][FilterOut]Name:testfixture.u_CONV.csel(48)
136 *Verdi* WARNING: [NoReadAccess][FilterOut]Name:testfixture.u_CONV.indexx(48)
137 *Verdi* WARNING: [NoReadAccess][FilterOut]Name:testfixture.u_CONV.indexy(48)
138 *Verdi* WARNING: [NoReadAccess][FilterOut]Name:testfixture.u_CONV.sindex(48)
139 *Verdi* WARNING: [NoReadAccess][FilterOut]Name:testfixture.u_CONV.state(48)
140 *Verdi* WARNING: [NoReadAccess][FilterOut]Name:testfixture.u_CONV.buffer(116)
141 *Verdi* WARNING: [NoReadAccess][FilterOut]Name:testfixture.u_CONV.string0(116)
142 *Verdi* WARNING: [NoReadAccess][FilterOut]Name:testfixture.u_CONV.string1(116)
143 *Verdi* WARNING: [NoReadAccess][FilterOut]Name:testfixture.u_CONV.l0temp1(48)
144 *Verdi* WARNING: [NoReadAccess][FilterOut]Name:testfixture.u_CONV.l0temp2(48)
145 *Verdi* WARNING: [NoReadAccess][FilterOut]Name:testfixture.u_CONV.l0temp3(48)
146 *Verdi* WARNING: [NoReadAccess][FilterOut]Name:testfixture.u_CONV.l0temp4(48)
147 *Verdi* WARNING: [NoReadAccess][FilterOut]Name:testfixture.u_CONV.center(116)
148 *Verdi* WARNING: [NoReadAccess][FilterOut]Name:testfixture.u_CONV.l0addr(48)
149 *Verdi* WARNING: [NoReadAccess][FilterOut]Name:testfixture.u_CONV.l1addr(48)
150 *Verdi* WARNING: [NoReadAccess][FilterOut]Name:testfixture.u_CONV.l2addr(48)
151 *Verdi* WARNING: [NoReadAccess][FilterOut]Name:testfixture.u_CONV.temp0(48)
152 *Verdi* WARNING: [NoReadAccess][FilterOut]Name:testfixture.u_CONV.temp1(48)
153 *Verdi* WARNING: [NoReadAccess][FilterOut]Name:testfixture.u_CONV.write0(48)
154 *Verdi* WARNING: [NoReadAccess][FilterOut]Name:testfixture.u_CONV.i(25)
155 *Verdi* WARNING: [NoReadAccess][FilterOut]Name:testfixture.u_CONV.j(25)
156 *Verdi* WARNING: [NoReadAccess][FilterOut]Name:testfixture.u_CONV.k(25)
157 *Verdi* WARNING: [NoReadAccess][FilterOut]Name:testfixture.u_CONV.clk(36)
158 *Verdi* WARNING: [NoReadAccess][FilterOut]Name:testfixture.u_CONV.reset(36)
159 *Verdi* WARNING: [NoReadAccess][FilterOut]Name:testfixture.u_CONV.ready(36)
160 *Verdi* WARNING: [NoReadAccess][FilterOut]Name:testfixture.u_CONV.idata(36)
161 *Verdi* WARNING: [NoReadAccess][FilterOut]Name:testfixture.u_CONV.cdata_rd(36)
162 *Verdi* WARNING: [NoReadAccess][FilterOut]Name:testfixture.u_CONV.filter1(114)
163 *Verdi* WARNING: [NoReadAccess][FilterOut]Name:testfixture.u_CONV.filter2(114)
164 *Verdi* : End of traversing.
165 fsdbDumpvars traverse var: profile - 
          CPU/Mem usage: 0.050 sys,  0.030 user,  143.00M sys,  0.00M vm
                   incr: 0.010 sys,  0.000 user,  3.57M sys,  0.00M vm
                   accu: 0.010 sys,  0.000 user,  3.57M sys,  0.00M vm
              accu incr: 0.010 sys,  0.000 user,  3.57M sys,  0.00M vm

          Count usage: 0 var,  0 idcode,  0 callback
                 incr: 0 var,  0 idcode,  0 callback
                 accu: 0 var,  0 idcode,  0 callback
            accu incr: 0 var,  0 idcode,  0 callback
166 VC callback profile - scalar:0 vector:0
167 Sun Jun 23 22:40:53 2019
168 fsdbDumpvars: profile - 
          CPU/Mem usage: 0.050 sys,  0.030 user,  143.00M sys,  0.00M vm
                   incr: 0.000 sys,  0.000 user,  0.00M sys,  0.00M vm
                   accu: 0.010 sys,  0.000 user,  3.57M sys,  0.00M vm
              accu incr: 0.000 sys,  0.000 user,  0.00M sys,  0.00M vm

          Count usage: 0 var,  0 idcode,  0 callback
                 incr: 0 var,  0 idcode,  0 callback
                 accu: 0 var,  0 idcode,  0 callback
            accu incr: 0 var,  0 idcode,  0 callback
169 VC callback profile - scalar:0 vector:0
170 Sun Jun 23 22:40:53 2019
171 sps_call_fsdbDumpMDA at 0 : /home/raid7_2/userb05/b05069/ICD2019/project/project/testfixture.v(80)
172 *Verdi* : Begin traversing the MDAs, layer (0).
173 *Verdi* : Enable +mda and +packedmda dumping.
174 *Verdi* WARNING: [NoReadAccess][FilterOut]Name:testfixture.L0_MEM0(116)
175 *Verdi* WARNING: [NoReadAccess][FilterOut]Name:testfixture.L0_MEM1(116)
176 *Verdi* WARNING: [NoReadAccess][FilterOut]Name:testfixture.L1_MEM0(116)
177 *Verdi* WARNING: [NoReadAccess][FilterOut]Name:testfixture.L1_MEM1(116)
178 *Verdi* WARNING: [NoReadAccess][FilterOut]Name:testfixture.L2_MEM(116)
179 *Verdi* WARNING: [NoReadAccess][FilterOut]Name:testfixture.reset(48)
180 *Verdi* WARNING: [NoReadAccess][FilterOut]Name:testfixture.clk(48)
181 *Verdi* WARNING: [NoReadAccess][FilterOut]Name:testfixture.ready(48)
182 *Verdi* WARNING: [NoReadAccess][FilterOut]Name:testfixture.cdata_rd(48)
183 *Verdi* WARNING: [NoReadAccess][FilterOut]Name:testfixture.idata(48)
184 *Verdi* WARNING: [NoReadAccess][FilterOut]Name:testfixture.p0(25)
185 *Verdi* WARNING: [NoReadAccess][FilterOut]Name:testfixture.p1(25)
186 *Verdi* WARNING: [NoReadAccess][FilterOut]Name:testfixture.p3(25)
187 *Verdi* WARNING: [NoReadAccess][FilterOut]Name:testfixture.p4(25)
188 *Verdi* WARNING: [NoReadAccess][FilterOut]Name:testfixture.p2(25)
189 *Verdi* WARNING: [NoReadAccess][FilterOut]Name:testfixture.err00(25)
190 *Verdi* WARNING: [NoReadAccess][FilterOut]Name:testfixture.err01(25)
191 *Verdi* WARNING: [NoReadAccess][FilterOut]Name:testfixture.err10(25)
192 *Verdi* WARNING: [NoReadAccess][FilterOut]Name:testfixture.err11(25)
193 *Verdi* WARNING: [NoReadAccess][FilterOut]Name:testfixture.err2(25)
194 *Verdi* WARNING: [NoReadAccess][FilterOut]Name:testfixture.pat_num(25)
195 *Verdi* WARNING: [NoReadAccess][FilterOut]Name:testfixture.check0(48)
196 *Verdi* WARNING: [NoReadAccess][FilterOut]Name:testfixture.check1(48)
197 *Verdi* WARNING: [NoReadAccess][FilterOut]Name:testfixture.check2(48)
198 *Verdi* WARNING: [NoReadAccess][FilterOut]Name:testfixture.cwr(36)
199 *Verdi* WARNING: [NoReadAccess][FilterOut]Name:testfixture.crd(36)
200 *Verdi* WARNING: [NoReadAccess][FilterOut]Name:testfixture.cdata_wr(36)
201 *Verdi* WARNING: [NoReadAccess][FilterOut]Name:testfixture.csel(36)
202 *Verdi* WARNING: [NoReadAccess][FilterOut]Name:testfixture.caddr_rd(36)
203 *Verdi* WARNING: [NoReadAccess][FilterOut]Name:testfixture.caddr_wr(36)
204 *Verdi* WARNING: [NoReadAccess][FilterOut]Name:testfixture.iaddr(36)
205 *Verdi* WARNING: [NoReadAccess][FilterOut]Name:testfixture.busy(36)
206 *Verdi* WARNING: [NoReadAccess][FilterOut]Name:testfixture.u_CONV.busy(48)
207 *Verdi* WARNING: [NoReadAccess][FilterOut]Name:testfixture.u_CONV.iaddr(48)
208 *Verdi* WARNING: [NoReadAccess][FilterOut]Name:testfixture.u_CONV.cwr(48)
209 *Verdi* WARNING: [NoReadAccess][FilterOut]Name:testfixture.u_CONV.caddr_wr(48)
210 *Verdi* WARNING: [NoReadAccess][FilterOut]Name:testfixture.u_CONV.cdata_wr(48)
211 *Verdi* WARNING: [NoReadAccess][FilterOut]Name:testfixture.u_CONV.crd(48)
212 *Verdi* WARNING: [NoReadAccess][FilterOut]Name:testfixture.u_CONV.caddr_rd(48)
213 *Verdi* WARNING: [NoReadAccess][FilterOut]Name:testfixture.u_CONV.csel(48)
214 *Verdi* WARNING: [NoReadAccess][FilterOut]Name:testfixture.u_CONV.indexx(48)
215 *Verdi* WARNING: [NoReadAccess][FilterOut]Name:testfixture.u_CONV.indexy(48)
216 *Verdi* WARNING: [NoReadAccess][FilterOut]Name:testfixture.u_CONV.sindex(48)
217 *Verdi* WARNING: [NoReadAccess][FilterOut]Name:testfixture.u_CONV.state(48)
218 *Verdi* WARNING: [NoReadAccess][FilterOut]Name:testfixture.u_CONV.buffer(116)
219 *Verdi* WARNING: [NoReadAccess][FilterOut]Name:testfixture.u_CONV.string0(116)
220 *Verdi* WARNING: [NoReadAccess][FilterOut]Name:testfixture.u_CONV.string1(116)
221 *Verdi* WARNING: [NoReadAccess][FilterOut]Name:testfixture.u_CONV.l0temp1(48)
222 *Verdi* WARNING: [NoReadAccess][FilterOut]Name:testfixture.u_CONV.l0temp2(48)
223 *Verdi* WARNING: [NoReadAccess][FilterOut]Name:testfixture.u_CONV.l0temp3(48)
224 *Verdi* WARNING: [NoReadAccess][FilterOut]Name:testfixture.u_CONV.l0temp4(48)
225 *Verdi* WARNING: [NoReadAccess][FilterOut]Name:testfixture.u_CONV.center(116)
226 *Verdi* WARNING: [NoReadAccess][FilterOut]Name:testfixture.u_CONV.l0addr(48)
227 *Verdi* WARNING: [NoReadAccess][FilterOut]Name:testfixture.u_CONV.l1addr(48)
228 *Verdi* WARNING: [NoReadAccess][FilterOut]Name:testfixture.u_CONV.l2addr(48)
229 *Verdi* WARNING: [NoReadAccess][FilterOut]Name:testfixture.u_CONV.temp0(48)
230 *Verdi* WARNING: [NoReadAccess][FilterOut]Name:testfixture.u_CONV.temp1(48)
231 *Verdi* WARNING: [NoReadAccess][FilterOut]Name:testfixture.u_CONV.write0(48)
232 *Verdi* WARNING: [NoReadAccess][FilterOut]Name:testfixture.u_CONV.i(25)
233 *Verdi* WARNING: [NoReadAccess][FilterOut]Name:testfixture.u_CONV.j(25)
234 *Verdi* WARNING: [NoReadAccess][FilterOut]Name:testfixture.u_CONV.k(25)
235 *Verdi* WARNING: [NoReadAccess][FilterOut]Name:testfixture.u_CONV.clk(36)
236 *Verdi* WARNING: [NoReadAccess][FilterOut]Name:testfixture.u_CONV.reset(36)
237 *Verdi* WARNING: [NoReadAccess][FilterOut]Name:testfixture.u_CONV.ready(36)
238 *Verdi* WARNING: [NoReadAccess][FilterOut]Name:testfixture.u_CONV.idata(36)
239 *Verdi* WARNING: [NoReadAccess][FilterOut]Name:testfixture.u_CONV.cdata_rd(36)
240 *Verdi* WARNING: [NoReadAccess][FilterOut]Name:testfixture.u_CONV.filter1(114)
241 *Verdi* WARNING: [NoReadAccess][FilterOut]Name:testfixture.u_CONV.filter2(114)
242 *Verdi* : End of traversing the MDAs.
243 fsdbDumpMDA traverse var: profile - 
          CPU/Mem usage: 0.050 sys,  0.080 user,  144.19M sys,  0.00M vm
                   incr: 0.000 sys,  0.050 user,  1.19M sys,  0.00M vm
                   accu: 0.000 sys,  0.050 user,  1.19M sys,  0.00M vm
              accu incr: 0.000 sys,  0.050 user,  1.19M sys,  0.00M vm

          Count usage: 16384 var,  16384 idcode,  16390 callback
                 incr: 16384 var,  16384 idcode,  16390 callback
                 accu: 16384 var,  16384 idcode,  16390 callback
            accu incr: 16384 var,  16384 idcode,  16390 callback
244 VC callback profile - scalar:0 vector:0
245 Sun Jun 23 22:40:54 2019
246 fsdbDumpMDA: profile - 
          CPU/Mem usage: 0.050 sys,  0.080 user,  145.80M sys,  0.00M vm
                   incr: 0.000 sys,  0.000 user,  1.61M sys,  0.00M vm
                   accu: 0.000 sys,  0.050 user,  2.80M sys,  0.00M vm
              accu incr: 0.000 sys,  0.000 user,  1.61M sys,  0.00M vm

          Count usage: 16384 var,  16384 idcode,  16390 callback
                 incr: 0 var,  0 idcode,  0 callback
                 accu: 16384 var,  16384 idcode,  16390 callback
            accu incr: 0 var,  0 idcode,  0 callback
247 VC callback profile - scalar:0 vector:16384
248 Sun Jun 23 22:40:54 2019
249 End of simulation at 35068180
250 VC callback profile - scalar:0 vector:32768
251 Sun Jun 23 22:40:54 2019
252 Begin FSDB profile info:
253 FSDB Writer : bc1(0) bcn(32768) mtf/stf(0/0)
FSDB Writer elapsed time : flush(0.060194) io wait(0.000000) theadpool wait(0.000000) target functin(0.000000)
FSDB Writer cpu time : MT Compression : 0
254 End FSDB profile info
255 Parallel profile    -  Flush:4 Expand:0 ProduceWait:0 ConsumerWait:0 BlockUsed:0
256                        ProduceTime:0.195995674 ConsumerTime:0.000000000 Buffer:64MB
257 SimExit
258 Sim process exit
